<?xml version="1.0" encoding="UTF-8"?>
<!-- Generated by org.testng.reporters.JUnitReportReporter -->
<testsuite skipped="0" hostname="SubhajitG
  <testcase name="loginTest" time="6.546" classname="com.qa.hs.tests.LoginTest"/>
  <testcase name="signUpTest" time="15.793" classname="com.qa.hs.tests.LoginTest"/>
</testsuite> <!-- com.qa.hs.tests.LoginTest -->
